0 info it worked if it ends with ok
1 verbose cli [ '/usr/local/bin/node', '/usr/bin/npm', 'run', 'lint' ]
2 info using npm@4.1.2
3 info using node@v7.4.0
4 verbose run-script [ 'prelint', 'lint', 'postlint' ]
5 info lifecycle Jinglz-CMS-frontend@3.0.0-alpha.3~prelint: Jinglz-CMS-frontend@3.0.0-alpha.3
6 silly lifecycle Jinglz-CMS-frontend@3.0.0-alpha.3~prelint: no script for prelint, continuing
7 info lifecycle Jinglz-CMS-frontend@3.0.0-alpha.3~lint: Jinglz-CMS-frontend@3.0.0-alpha.3
8 verbose lifecycle Jinglz-CMS-frontend@3.0.0-alpha.3~lint: unsafe-perm in lifecycle true
9 verbose lifecycle Jinglz-CMS-frontend@3.0.0-alpha.3~lint: PATH: /usr/lib/node_modules/npm/bin/node-gyp-bin:/home/bluebird/work/dewey/jinglz_react_backend/node_modules/.bin:/home/bluebird/.rvm/gems/ruby-2.4.0/bin:/home/bluebird/.rvm/gems/ruby-2.4.0@global/bin:/home/bluebird/.rvm/rubies/ruby-2.4.0/bin:/home/bluebird/.rvm/gems/ruby-2.4.0/bin:/home/bluebird/.rvm/gems/ruby-2.4.0@global/bin:/home/bluebird/.rvm/rubies/ruby-2.4.0/bin:/usr/local/sbin:/usr/local/bin:/usr/sbin:/usr/bin:/sbin:/bin:/usr/games:/usr/local/games:/usr/lib/jvm/java-8-oracle/bin:/usr/lib/jvm/java-8-oracle/db/bin:/usr/lib/jvm/java-8-oracle/jre/bin:/usr/share/rvm/bin:/home/bluebird/.rvm/bin
10 verbose lifecycle Jinglz-CMS-frontend@3.0.0-alpha.3~lint: CWD: /home/bluebird/work/dewey/jinglz_react_backend
11 silly lifecycle Jinglz-CMS-frontend@3.0.0-alpha.3~lint: Args: [ '-c',
11 silly lifecycle   'eslint bin build config server src/actions/mainLayoutActions.js' ]
12 silly lifecycle Jinglz-CMS-frontend@3.0.0-alpha.3~lint: Returned: code: 1  signal: null
13 info lifecycle Jinglz-CMS-frontend@3.0.0-alpha.3~lint: Failed to exec lint script
14 verbose stack Error: Jinglz-CMS-frontend@3.0.0-alpha.3 lint: `eslint bin build config server src/actions/mainLayoutActions.js`
14 verbose stack Exit status 1
14 verbose stack     at EventEmitter.<anonymous> (/usr/lib/node_modules/npm/lib/utils/lifecycle.js:279:16)
14 verbose stack     at emitTwo (events.js:106:13)
14 verbose stack     at EventEmitter.emit (events.js:191:7)
14 verbose stack     at ChildProcess.<anonymous> (/usr/lib/node_modules/npm/lib/utils/spawn.js:40:14)
14 verbose stack     at emitTwo (events.js:106:13)
14 verbose stack     at ChildProcess.emit (events.js:191:7)
14 verbose stack     at maybeClose (internal/child_process.js:885:16)
14 verbose stack     at Process.ChildProcess._handle.onexit (internal/child_process.js:226:5)
15 verbose pkgid Jinglz-CMS-frontend@3.0.0-alpha.3
16 verbose cwd /home/bluebird/work/dewey/jinglz_react_backend
17 error Linux 3.13.0-119-generic
18 error argv "/usr/local/bin/node" "/usr/bin/npm" "run" "lint"
19 error node v7.4.0
20 error npm  v4.1.2
21 error code ELIFECYCLE
22 error Jinglz-CMS-frontend@3.0.0-alpha.3 lint: `eslint bin build config server src/actions/mainLayoutActions.js`
22 error Exit status 1
23 error Failed at the Jinglz-CMS-frontend@3.0.0-alpha.3 lint script 'eslint bin build config server src/actions/mainLayoutActions.js'.
23 error Make sure you have the latest version of node.js and npm installed.
23 error If you do, this is most likely a problem with the Jinglz-CMS-frontend package,
23 error not with npm itself.
23 error Tell the author that this fails on your system:
23 error     eslint bin build config server src/actions/mainLayoutActions.js
23 error You can get information on how to open an issue for this project with:
23 error     npm bugs Jinglz-CMS-frontend
23 error Or if that isn't available, you can get their info via:
23 error     npm owner ls Jinglz-CMS-frontend
23 error There is likely additional logging output above.
24 verbose exit [ 1, true ]
